2019-10-21 14:20:17 [scrapy.utils.log] INFO: Scrapy 1.6.0 started (bot: Maoyan)
2019-10-21 14:20:17 [scrapy.utils.log] INFO: Versions: lxml 4.3.2.0, libxml2 2.9.9, cssselect 1.0.3, parsel 1.5.1, w3lib 1.20.0, Twisted 18.9.0, Python 3.6.8 (default, Oct  7 2019, 12:59:55) - [GCC 8.3.0], pyOpenSSL 19.0.0 (OpenSSL 1.1.1b  26 Feb 2019), cryptography 2.6.1, Platform Linux-5.0.0-31-generic-x86_64-with-Ubuntu-18.04-bionic
2019-10-21 14:20:17 [scrapy.crawler] INFO: Overridden settings: {'BOT_NAME': 'Maoyan', 'LOG_FILE': 'maoyan.log', 'LOG_LEVEL': 'INFO', 'NEWSPIDER_MODULE': 'Maoyan.spiders', 'SPIDER_MODULES': ['Maoyan.spiders']}
2019-10-21 14:20:18 [scrapy.extensions.telnet] INFO: Telnet Password: 1d797f3c04d4539e
2019-10-21 14:20:18 [scrapy.middleware] INFO: Enabled extensions:
['scrapy.extensions.corestats.CoreStats',
 'scrapy.extensions.telnet.TelnetConsole',
 'scrapy.extensions.memusage.MemoryUsage',
 'scrapy.extensions.logstats.LogStats']
2019-10-21 14:20:18 [scrapy.middleware] INFO: Enabled downloader middlewares:
['scrapy.downloadermiddlewares.httpauth.HttpAuthMiddleware',
 'scrapy.downloadermiddlewares.downloadtimeout.DownloadTimeoutMiddleware',
 'scrapy.downloadermiddlewares.defaultheaders.DefaultHeadersMiddleware',
 'scrapy.downloadermiddlewares.useragent.UserAgentMiddleware',
 'scrapy.downloadermiddlewares.retry.RetryMiddleware',
 'scrapy.downloadermiddlewares.redirect.MetaRefreshMiddleware',
 'scrapy.downloadermiddlewares.httpcompression.HttpCompressionMiddleware',
 'scrapy.downloadermiddlewares.redirect.RedirectMiddleware',
 'scrapy.downloadermiddlewares.cookies.CookiesMiddleware',
 'scrapy.downloadermiddlewares.httpproxy.HttpProxyMiddleware',
 'scrapy.downloadermiddlewares.stats.DownloaderStats']
2019-10-21 14:20:18 [scrapy.middleware] INFO: Enabled spider middlewares:
['scrapy.spidermiddlewares.httperror.HttpErrorMiddleware',
 'scrapy.spidermiddlewares.offsite.OffsiteMiddleware',
 'scrapy.spidermiddlewares.referer.RefererMiddleware',
 'scrapy.spidermiddlewares.urllength.UrlLengthMiddleware',
 'scrapy.spidermiddlewares.depth.DepthMiddleware']
2019-10-21 14:20:18 [scrapy.middleware] INFO: Enabled item pipelines:
['Maoyan.pipelines.MaoyanPipeline']
2019-10-21 14:20:18 [scrapy.core.engine] INFO: Spider opened
2019-10-21 14:20:18 [scrapy.extensions.logstats] INFO: Crawled 0 pages (at 0 pages/min), scraped 0 items (at 0 items/min)
2019-10-21 14:20:18 [scrapy.extensions.telnet] INFO: Telnet console listening on 127.0.0.1:6023
2019-10-21 14:20:18 [scrapy.core.engine] INFO: Closing spider (finished)
2019-10-21 14:20:18 [scrapy.statscollectors] INFO: Dumping Scrapy stats:
{'downloader/request_bytes': 2758,
 'downloader/request_count': 11,
 'downloader/request_method_count/GET': 11,
 'downloader/response_bytes': 77335,
 'downloader/response_count': 11,
 'downloader/response_status_count/200': 9,
 'downloader/response_status_count/302': 2,
 'finish_reason': 'finished',
 'finish_time': datetime.datetime(2019, 10, 21, 6, 20, 18, 332544),
 'item_scraped_count': 70,
 'log_count/INFO': 9,
 'memusage/max': 952770560,
 'memusage/startup': 952770560,
 'response_received_count': 9,
 'scheduler/dequeued': 11,
 'scheduler/dequeued/memory': 11,
 'scheduler/enqueued': 11,
 'scheduler/enqueued/memory': 11,
 'start_time': datetime.datetime(2019, 10, 21, 6, 20, 18, 49156)}
2019-10-21 14:20:18 [scrapy.core.engine] INFO: Spider closed (finished)
2019-10-21 15:11:30 [scrapy.utils.log] INFO: Scrapy 1.6.0 started (bot: Maoyan)
2019-10-21 15:11:30 [scrapy.utils.log] INFO: Versions: lxml 4.3.2.0, libxml2 2.9.9, cssselect 1.0.3, parsel 1.5.1, w3lib 1.20.0, Twisted 18.9.0, Python 3.6.8 (default, Oct  7 2019, 12:59:55) - [GCC 8.3.0], pyOpenSSL 19.0.0 (OpenSSL 1.1.1b  26 Feb 2019), cryptography 2.6.1, Platform Linux-5.0.0-31-generic-x86_64-with-Ubuntu-18.04-bionic
2019-10-21 15:11:30 [scrapy.crawler] INFO: Overridden settings: {'BOT_NAME': 'Maoyan', 'LOG_FILE': 'maoyan.log', 'LOG_LEVEL': 'INFO', 'NEWSPIDER_MODULE': 'Maoyan.spiders', 'SPIDER_MODULES': ['Maoyan.spiders']}
2019-10-21 15:11:30 [scrapy.extensions.telnet] INFO: Telnet Password: 078a4dce3c0c254c
2019-10-21 15:11:30 [scrapy.middleware] INFO: Enabled extensions:
['scrapy.extensions.corestats.CoreStats',
 'scrapy.extensions.telnet.TelnetConsole',
 'scrapy.extensions.memusage.MemoryUsage',
 'scrapy.extensions.logstats.LogStats']
2019-10-21 15:11:30 [scrapy.middleware] INFO: Enabled downloader middlewares:
['scrapy.downloadermiddlewares.httpauth.HttpAuthMiddleware',
 'scrapy.downloadermiddlewares.downloadtimeout.DownloadTimeoutMiddleware',
 'scrapy.downloadermiddlewares.defaultheaders.DefaultHeadersMiddleware',
 'scrapy.downloadermiddlewares.useragent.UserAgentMiddleware',
 'scrapy.downloadermiddlewares.retry.RetryMiddleware',
 'scrapy.downloadermiddlewares.redirect.MetaRefreshMiddleware',
 'scrapy.downloadermiddlewares.httpcompression.HttpCompressionMiddleware',
 'scrapy.downloadermiddlewares.redirect.RedirectMiddleware',
 'scrapy.downloadermiddlewares.cookies.CookiesMiddleware',
 'scrapy.downloadermiddlewares.httpproxy.HttpProxyMiddleware',
 'scrapy.downloadermiddlewares.stats.DownloaderStats']
2019-10-21 15:11:30 [scrapy.middleware] INFO: Enabled spider middlewares:
['scrapy.spidermiddlewares.httperror.HttpErrorMiddleware',
 'scrapy.spidermiddlewares.offsite.OffsiteMiddleware',
 'scrapy.spidermiddlewares.referer.RefererMiddleware',
 'scrapy.spidermiddlewares.urllength.UrlLengthMiddleware',
 'scrapy.spidermiddlewares.depth.DepthMiddleware']
2019-10-21 15:11:30 [scrapy.middleware] INFO: Enabled item pipelines:
['Maoyan.pipelines.MaoyanMysqlPipeline', 'Maoyan.pipelines.MaoyanPipeline']
2019-10-21 15:11:30 [scrapy.core.engine] INFO: Spider opened
2019-10-21 15:11:30 [scrapy.extensions.logstats] INFO: Crawled 0 pages (at 0 pages/min), scraped 0 items (at 0 items/min)
2019-10-21 15:11:30 [scrapy.extensions.telnet] INFO: Telnet console listening on 127.0.0.1:6023
2019-10-21 15:11:34 [scrapy.core.engine] INFO: Closing spider (finished)
2019-10-21 15:11:34 [scrapy.statscollectors] INFO: Dumping Scrapy stats:
{'downloader/request_bytes': 3224,
 'downloader/request_count': 12,
 'downloader/request_method_count/GET': 12,
 'downloader/response_bytes': 87442,
 'downloader/response_count': 12,
 'downloader/response_status_count/200': 9,
 'downloader/response_status_count/302': 3,
 'finish_reason': 'finished',
 'finish_time': datetime.datetime(2019, 10, 21, 7, 11, 34, 54542),
 'item_scraped_count': 60,
 'log_count/INFO': 9,
 'memusage/max': 1013919744,
 'memusage/startup': 1013919744,
 'response_received_count': 9,
 'scheduler/dequeued': 12,
 'scheduler/dequeued/memory': 12,
 'scheduler/enqueued': 12,
 'scheduler/enqueued/memory': 12,
 'start_time': datetime.datetime(2019, 10, 21, 7, 11, 30, 624809)}
2019-10-21 15:11:34 [scrapy.core.engine] INFO: Spider closed (finished)
